  bfs.cpp
  Vector.cpp
c:\users\dtuzita\documents\fei\programacao-cientifica\aula2\aula2\vector.cpp(90): error C2662: 'bool Vector<int>::empty(void)': cannot convert 'this' pointer from 'const Vector<int>' to 'Vector<int> &'
  c:\users\dtuzita\documents\fei\programacao-cientifica\aula2\aula2\vector.cpp(90): note: Conversion loses qualifiers
  c:\users\dtuzita\documents\fei\programacao-cientifica\aula2\aula2\vector.cpp(89): note: while compiling class template member function 'T Vector<T>::pop_back(void) const'
          with
          [
              T=int
          ]
  c:\users\dtuzita\documents\fei\programacao-cientifica\aula2\aula2\vector.cpp(131): note: see reference to class template instantiation 'Vector<int>' being compiled
c:\users\dtuzita\documents\fei\programacao-cientifica\aula2\aula2\vector.cpp(93): error C3490: '_size' cannot be modified because it is being accessed through a const object
c:\users\dtuzita\documents\fei\programacao-cientifica\aula2\aula2\vector.cpp(115): error C2440: 'return': cannot convert from 'T' to 'T &'
          with
          [
              T=int
          ]
  c:\users\dtuzita\documents\fei\programacao-cientifica\aula2\aula2\vector.cpp(115): note: while compiling class template member function 'T &Vector<T>::operator [](int)'
          with
          [
              T=int
          ]
c:\users\dtuzita\documents\fei\programacao-cientifica\aula2\aula2\vector.cpp(90): error C2662: 'bool Vector<float>::empty(void)': cannot convert 'this' pointer from 'const Vector<float>' to 'Vector<float> &'
  c:\users\dtuzita\documents\fei\programacao-cientifica\aula2\aula2\vector.cpp(90): note: Conversion loses qualifiers
  c:\users\dtuzita\documents\fei\programacao-cientifica\aula2\aula2\vector.cpp(89): note: while compiling class template member function 'T Vector<T>::pop_back(void) const'
          with
          [
              T=float
          ]
  c:\users\dtuzita\documents\fei\programacao-cientifica\aula2\aula2\vector.cpp(132): note: see reference to class template instantiation 'Vector<float>' being compiled
c:\users\dtuzita\documents\fei\programacao-cientifica\aula2\aula2\vector.cpp(115): error C2440: 'return': cannot convert from 'T' to 'T &'
          with
          [
              T=float
          ]
  c:\users\dtuzita\documents\fei\programacao-cientifica\aula2\aula2\vector.cpp(115): note: while compiling class template member function 'T &Vector<T>::operator [](int)'
          with
          [
              T=float
          ]
c:\users\dtuzita\documents\fei\programacao-cientifica\aula2\aula2\vector.cpp(90): error C2662: 'bool Vector<double>::empty(void)': cannot convert 'this' pointer from 'const Vector<double>' to 'Vector<double> &'
  c:\users\dtuzita\documents\fei\programacao-cientifica\aula2\aula2\vector.cpp(90): note: Conversion loses qualifiers
  c:\users\dtuzita\documents\fei\programacao-cientifica\aula2\aula2\vector.cpp(89): note: while compiling class template member function 'T Vector<T>::pop_back(void) const'
          with
          [
              T=double
          ]
  c:\users\dtuzita\documents\fei\programacao-cientifica\aula2\aula2\vector.cpp(133): note: see reference to class template instantiation 'Vector<double>' being compiled
c:\users\dtuzita\documents\fei\programacao-cientifica\aula2\aula2\vector.cpp(115): error C2440: 'return': cannot convert from 'T' to 'T &'
          with
          [
              T=double
          ]
  c:\users\dtuzita\documents\fei\programacao-cientifica\aula2\aula2\vector.cpp(115): note: while compiling class template member function 'T &Vector<T>::operator [](int)'
          with
          [
              T=double
          ]
c:\users\dtuzita\documents\fei\programacao-cientifica\aula2\aula2\vector.cpp(90): error C2662: 'bool Vector<char>::empty(void)': cannot convert 'this' pointer from 'const Vector<char>' to 'Vector<char> &'
  c:\users\dtuzita\documents\fei\programacao-cientifica\aula2\aula2\vector.cpp(90): note: Conversion loses qualifiers
  c:\users\dtuzita\documents\fei\programacao-cientifica\aula2\aula2\vector.cpp(89): note: while compiling class template member function 'T Vector<T>::pop_back(void) const'
          with
          [
              T=char
          ]
  c:\users\dtuzita\documents\fei\programacao-cientifica\aula2\aula2\vector.cpp(134): note: see reference to class template instantiation 'Vector<char>' being compiled
c:\users\dtuzita\documents\fei\programacao-cientifica\aula2\aula2\vector.cpp(115): error C2440: 'return': cannot convert from 'T' to 'T &'
          with
          [
              T=char
          ]
  c:\users\dtuzita\documents\fei\programacao-cientifica\aula2\aula2\vector.cpp(115): note: while compiling class template member function 'T &Vector<T>::operator [](int)'
          with
          [
              T=char
          ]
c:\users\dtuzita\documents\fei\programacao-cientifica\aula2\aula2\vector.cpp(90): error C2662: 'bool Vector<bool>::empty(void)': cannot convert 'this' pointer from 'const Vector<bool>' to 'Vector<bool> &'
  c:\users\dtuzita\documents\fei\programacao-cientifica\aula2\aula2\vector.cpp(90): note: Conversion loses qualifiers
  c:\users\dtuzita\documents\fei\programacao-cientifica\aula2\aula2\vector.cpp(89): note: while compiling class template member function 'T Vector<T>::pop_back(void) const'
          with
          [
              T=bool
          ]
  c:\users\dtuzita\documents\fei\programacao-cientifica\aula2\aula2\vector.cpp(135): note: see reference to class template instantiation 'Vector<bool>' being compiled
c:\users\dtuzita\documents\fei\programacao-cientifica\aula2\aula2\vector.cpp(115): error C2440: 'return': cannot convert from 'T' to 'T &'
          with
          [
              T=bool
          ]
  c:\users\dtuzita\documents\fei\programacao-cientifica\aula2\aula2\vector.cpp(115): note: while compiling class template member function 'T &Vector<T>::operator [](int)'
          with
          [
              T=bool
          ]
c:\users\dtuzita\documents\fei\programacao-cientifica\aula2\aula2\vector.cpp(90): error C2662: 'bool Vector<std::string>::empty(void)': cannot convert 'this' pointer from 'const Vector<std::string>' to 'Vector<std::string> &'
  c:\users\dtuzita\documents\fei\programacao-cientifica\aula2\aula2\vector.cpp(90): note: Conversion loses qualifiers
  c:\users\dtuzita\documents\fei\programacao-cientifica\aula2\aula2\vector.cpp(89): note: while compiling class template member function 'T Vector<T>::pop_back(void) const'
          with
          [
              T=std::string
          ]
  c:\users\dtuzita\documents\fei\programacao-cientifica\aula2\aula2\vector.cpp(136): note: see reference to class template instantiation 'Vector<std::string>' being compiled
c:\users\dtuzita\documents\fei\programacao-cientifica\aula2\aula2\vector.cpp(115): error C2440: 'return': cannot convert from 'T' to 'T &'
          with
          [
              T=std::string
          ]
  c:\users\dtuzita\documents\fei\programacao-cientifica\aula2\aula2\vector.cpp(115): note: A non-const reference may only be bound to an lvalue
  c:\users\dtuzita\documents\fei\programacao-cientifica\aula2\aula2\vector.cpp(115): note: while compiling class template member function 'T &Vector<T>::operator [](int)'
          with
          [
              T=std::string
          ]
  Generating Code...
